TN:
SF:src\modules\users\services\createUser\CreateUserController.ts
FN:9,(anonymous_0)
FNF:1
FNH:0
FNDA:0,(anonymous_0)
DA:3,0
DA:6,0
DA:8,0
DA:13,0
DA:15,0
DA:17,0
DA:19,0
LF:7
LH:0
BRF:0
BRH:0
end_of_record
TN:
SF:src\modules\users\services\createUser\CreateUserService.ts
FN:15,(anonymous_4)
FN:28,(anonymous_5)
FNF:2
FNH:2
FNDA:2,(anonymous_4)
FNDA:2,(anonymous_5)
DA:1,1
DA:6,1
DA:9,1
DA:10,1
DA:14,1
DA:17,2
DA:20,2
DA:23,2
DA:28,1
DA:31,2
DA:33,2
DA:34,2
DA:35,2
DA:36,1
DA:38,1
DA:40,1
DA:43,1
DA:45,1
DA:52,1
DA:53,1
DA:55,2
LF:21
LH:21
BRDA:35,0,0,1
BRDA:43,1,0,1
BRDA:52,2,0,1
BRDA:55,3,0,2
BRF:4
BRH:4
end_of_record
TN:
SF:src\modules\users\services\deleteUser\DeleteUserController.ts
FN:8,(anonymous_0)
FNF:1
FNH:0
FNDA:0,(anonymous_0)
DA:2,0
DA:5,0
DA:7,0
DA:12,0
DA:14,0
DA:16,0
DA:18,0
LF:7
LH:0
BRF:0
BRH:0
end_of_record
TN:
SF:src\modules\users\services\deleteUser\DeleteUserService.ts
FN:12,(anonymous_4)
FN:25,(anonymous_5)
FNF:2
FNH:2
FNDA:2,(anonymous_4)
FNDA:2,(anonymous_5)
DA:1,1
DA:2,1
DA:7,1
DA:11,1
DA:14,2
DA:17,2
DA:20,2
DA:25,1
DA:26,2
DA:28,2
DA:29,2
DA:30,2
DA:35,2
DA:36,1
DA:39,1
DA:41,1
DA:44,1
DA:46,1
DA:53,1
DA:54,1
DA:56,2
LF:21
LH:21
BRDA:35,0,0,1
BRDA:44,1,0,1
BRDA:53,2,0,1
BRDA:56,3,0,2
BRF:4
BRH:4
end_of_record
TN:
SF:src\modules\users\services\listUser\ListUserController.ts
FN:9,(anonymous_0)
FNF:1
FNH:0
FNDA:0,(anonymous_0)
DA:2,0
DA:6,0
DA:8,0
DA:18,0
DA:20,0
DA:22,0
DA:24,0
LF:7
LH:0
BRDA:20,0,0,0
BRDA:20,1,0,0
BRF:2
BRH:0
end_of_record
TN:
SF:src\modules\users\services\listUser\ListUserService.ts
FN:15,(anonymous_4)
FN:28,(anonymous_5)
FNF:2
FNH:2
FNDA:4,(anonymous_4)
FNDA:6,(anonymous_5)
DA:1,1
DA:5,1
DA:10,1
DA:14,1
DA:17,4
DA:20,4
DA:23,4
DA:28,1
DA:33,6
DA:35,6
DA:36,6
DA:37,6
DA:41,6
DA:43,6
DA:44,5
DA:48,4
DA:49,4
DA:52,5
DA:54,5
DA:67,1
DA:68,1
DA:70,6
LF:22
LH:22
BRDA:43,0,0,5
BRDA:52,1,0,5
BRDA:67,2,0,1
BRDA:70,3,0,6
BRF:4
BRH:4
end_of_record
TN:
SF:src\modules\users\services\showUser\ShowUserController.ts
FN:9,(anonymous_0)
FNF:1
FNH:0
FNDA:0,(anonymous_0)
DA:3,0
DA:6,0
DA:8,0
DA:13,0
DA:15,0
DA:17,0
DA:19,0
LF:7
LH:0
BRF:0
BRH:0
end_of_record
TN:
SF:src\modules\users\services\showUser\ShowUserService.ts
FN:13,(anonymous_4)
FN:23,(anonymous_5)
FNF:2
FNH:2
FNDA:2,(anonymous_4)
FNDA:2,(anonymous_5)
DA:1,1
DA:2,1
DA:5,1
DA:8,1
DA:12,1
DA:15,2
DA:18,2
DA:23,1
DA:24,2
DA:26,2
DA:27,2
DA:28,2
DA:33,2
DA:34,1
DA:37,1
DA:39,1
DA:46,1
DA:47,1
DA:49,2
LF:19
LH:19
BRDA:33,0,0,1
BRDA:37,1,0,1
BRDA:46,2,0,1
BRDA:49,3,0,2
BRF:4
BRH:4
end_of_record
TN:
SF:src\modules\users\services\updateUser\UpdateUserController.ts
FN:9,(anonymous_0)
FNF:1
FNH:0
FNDA:0,(anonymous_0)
DA:2,0
DA:6,0
DA:8,0
DA:13,0
DA:15,0
DA:16,0
DA:18,0
DA:20,0
LF:8
LH:0
BRF:0
BRH:0
end_of_record
TN:
SF:src\modules\users\services\updateUser\UpdateUserService.ts
FN:17,(anonymous_4)
FN:30,(anonymous_5)
FNF:2
FNH:2
FNDA:2,(anonymous_4)
FNDA:2,(anonymous_5)
DA:1,1
DA:3,1
DA:7,1
DA:9,1
DA:12,1
DA:16,1
DA:19,2
DA:22,2
DA:25,2
DA:30,1
DA:34,2
DA:36,2
DA:37,2
DA:38,2
DA:43,2
DA:44,1
DA:47,1
DA:52,1
DA:55,1
DA:57,1
DA:64,1
DA:65,1
DA:67,2
LF:23
LH:23
BRDA:43,0,0,1
BRDA:55,1,0,1
BRDA:64,2,0,1
BRDA:67,3,0,2
BRF:4
BRH:4
end_of_record
